<?xml version="1.0" encoding="UTF-8"?>
<!-- Generated by org.testng.reporters.JUnitXMLReporter -->
<testsuite ignored="0" hostname="LAPTOP-A5IMFISJ" failures="0" tests="3" name="Default test" time="1.78" errors="0" timestamp="2024-07-17T07:02:12 IST">
  <testcase classname="dataProvide" name="testcasedata" time="0.012"/>
  <testcase classname="dataProvide" name="testcasedata" time="0.004"/>
  <testcase classname="dataProvide" name="testcasedata" time="0.004"/>
</testsuite> <!-- Default test -->
