<?xml version="1.0" encoding="UTF-8"?>
<testng-results ignored="0" total="3" passed="3" failed="0" skipped="0">
  <reporter-output>
  </reporter-output>
  <suite started-at="2024-07-17T07:02:11 IST" name="Default suite" finished-at="2024-07-17T07:02:12 IST" duration-ms="1780">
    <groups>
    </groups>
    <test started-at="2024-07-17T07:02:11 IST" name="Default test" finished-at="2024-07-17T07:02:12 IST" duration-ms="1780">
      <class name="dataProvide">
        <test-method signature="testcasedata(java.lang.String,java.lang.String,java.lang.String)[pri:0, instance:dataProvide@1224144a]" started-at="2024-07-17T07:02:12 IST" name="testcasedata" data-provider="driveTest" finished-at="2024-07-17T07:02:12 IST" duration-ms="12" status="PASS">
          <params>
            <param index="0">
              <value>
                <![CDATA[hello]]>
              </value>
            </param>
            <param index="1">
              <value>
                <![CDATA[text]]>
              </value>
            </param>
            <param index="2">
              <value>
                <![CDATA[1]]>
              </value>
            </param>
          </params>
          <reporter-output>
          </reporter-output>
        </test-method> <!-- testcasedata -->
        <test-method signature="testcasedata(java.lang.String,java.lang.String,java.lang.String)[pri:0, instance:dataProvide@1224144a]" started-at="2024-07-17T07:02:12 IST" name="testcasedata" data-provider="driveTest" finished-at="2024-07-17T07:02:12 IST" duration-ms="4" status="PASS">
          <params>
            <param index="0">
              <value>
                <![CDATA[bye]]>
              </value>
            </param>
            <param index="1">
              <value>
                <![CDATA[message]]>
              </value>
            </param>
            <param index="2">
              <value>
                <![CDATA[2]]>
              </value>
            </param>
          </params>
          <reporter-output>
          </reporter-output>
        </test-method> <!-- testcasedata -->
        <test-method signature="testcasedata(java.lang.String,java.lang.String,java.lang.String)[pri:0, instance:dataProvide@1224144a]" started-at="2024-07-17T07:02:12 IST" name="testcasedata" data-provider="driveTest" finished-at="2024-07-17T07:02:12 IST" duration-ms="4" status="PASS">
          <params>
            <param index="0">
              <value>
                <![CDATA[solo]]>
              </value>
            </param>
            <param index="1">
              <value>
                <![CDATA[call]]>
              </value>
            </param>
            <param index="2">
              <value>
                <![CDATA[3]]>
              </value>
            </param>
          </params>
          <reporter-output>
          </reporter-output>
        </test-method> <!-- testcasedata -->
      </class> <!-- dataProvide -->
    </test> <!-- Default test -->
  </suite> <!-- Default suite -->
</testng-results>
